Mono path[0] = '/mnt/Disk2/SteamLibrary/steamapps/common/Muck/Muck_Data/Managed'
Mono config path = '/mnt/Disk2/SteamLibrary/steamapps/common/Muck/Muck_Data/MonoBleedingEdge/etc'
Preloaded 'libsteam_api.so'
Display 0 'VA1716wSERIES 17"': 1440x900 (primary device).
Unable to load player prefs
Desktop is 1440 x 900 @ 75 Hz
Initialize engine version: 2019.4.19f1 (ca5b14067cec)
[Subsystems] Discovering subsystems at path /mnt/Disk2/SteamLibrary/steamapps/common/Muck/Muck_Data/UnitySubsystems
GfxDevice: creating device client; threaded=1
Renderer: AMD Radeon RX 550 / 550 Series (POLARIS12, DRM 3.42.0, 5.15.11-arch2-1, LLVM 13.0.0)
Vendor:   AMD
Version:  4.6 (Core Profile) Mesa 21.3.2
GLES:     0
 GL_AMD_conservative_depth GL_AMD_depth_clamp_separate GL_AMD_draw_buffers_blend GL_AMD_framebuffer_multisample_advanced GL_AMD_gpu_shader_int64 GL_AMD_multi_draw_indirect GL_AMD_performance_monitor GL_AMD_pinned_memory GL_AMD_query_buffer_object GL_AMD_seamless_cubemap_per_texture GL_AMD_shader_stencil_export GL_AMD_shader_trinary_minmax GL_AMD_texture_texture4 GL_AMD_vertex_shader_layer GL_AMD_vertex_shader_viewport_index GL_ANGLE_texture_compression_dxt3 GL_ANGLE_texture_compression_dxt5 GL_ARB_ES2_compatibility GL_ARB_ES3_1_compatibility GL_ARB_ES3_2_compatibility GL_ARB_ES3_compatibility GL_ARB_arrays_of_arrays GL_ARB_base_instance GL_ARB_bindless_texture GL_ARB_blend_func_extended GL_ARB_buffer_storage GL_ARB_clear_buffer_object GL_ARB_clear_texture GL_ARB_clip_control GL_ARB_color_buffer_float GL_ARB_compressed_texture_pixel_storage GL_ARB_compute_shader GL_ARB_compute_variable_group_size GL_ARB_conditional_render_inverted GL_ARB_conservative_depth GL_ARB_copy_buffer GL_ARB_copy_image GL_ARB_cull_dist
ance GL_ARB_debug_output GL_ARB_depth_buffer_float GL_ARB_depth_clamp GL_ARB_derivative_control GL_ARB_direct_state_access GL_ARB_draw_buffers GL_ARB_draw_buffers_blend GL_ARB_draw_elements_base_vertex GL_ARB_draw_indirect GL_ARB_draw_instanced GL_ARB_enhanced_layouts GL_ARB_explicit_attrib_location GL_ARB_explicit_uniform_location GL_ARB_fragment_coord_conventions GL_ARB_fragment_layer_viewport GL_ARB_fragment_shader GL_ARB_framebuffer_no_attachments GL_ARB_framebuffer_object GL_ARB_framebuffer_sRGB GL_ARB_get_program_binary GL_ARB_get_texture_sub_image GL_ARB_gl_spirv GL_ARB_gpu_shader5 GL_ARB_gpu_shader_fp64 GL_ARB_gpu_shader_int64 GL_ARB_half_float_pixel GL_ARB_half_float_vertex GL_ARB_indirect_parameters GL_ARB_instanced_arrays GL_ARB_internalformat_query GL_ARB_internalformat_query2 GL_ARB_invalidate_subdata GL_ARB_map_buffer_alignment GL_ARB_map_buffer_range GL_ARB_multi_bind GL_ARB_multi_draw_indirect GL_ARB_occlusion_query2 GL_ARB_parallel_shader_compile GL_ARB_pipeline_statistics_query GL_ARB_pixel
_buffer_object GL_ARB_point_sprite GL_ARB_polygon_offset_clamp GL_ARB_program_interface_query GL_ARB_provoking_vertex GL_ARB_query_buffer_object GL_ARB_robust_buffer_access_behavior GL_ARB_robustness GL_ARB_sample_shading GL_ARB_sampler_objects GL_ARB_seamless_cube_map GL_ARB_seamless_cubemap_per_texture GL_ARB_separate_shader_objects GL_ARB_shader_atomic_counter_ops GL_ARB_shader_atomic_counters GL_ARB_shader_ballot GL_ARB_shader_bit_encoding GL_ARB_shader_clock GL_ARB_shader_draw_parameters GL_ARB_shader_group_vote GL_ARB_shader_image_load_store GL_ARB_shader_image_size GL_ARB_shader_objects GL_ARB_shader_precision GL_ARB_shader_stencil_export GL_ARB_shader_storage_buffer_object GL_ARB_shader_subroutine GL_ARB_shader_texture_image_samples GL_ARB_shader_texture_lod GL_ARB_shader_viewport_layer_array GL_ARB_shading_language_420pack GL_ARB_shading_language_include GL_ARB_shading_language_packing GL_ARB_spirv_extensions GL_ARB_stencil_texturing GL_ARB_sync GL_ARB_tessellation_shader GL_ARB_texture_barrier GL_A
RB_texture_buffer_object GL_ARB_texture_buffer_object_rgb32 GL_ARB_texture_buffer_range GL_ARB_texture_compression_bptc GL_ARB_texture_compression_rgtc GL_ARB_texture_cube_map_array GL_ARB_texture_filter_anisotropic GL_ARB_texture_float GL_ARB_texture_gather GL_ARB_texture_mirror_clamp_to_edge GL_ARB_texture_multisample GL_ARB_texture_non_power_of_two GL_ARB_texture_query_levels GL_ARB_texture_query_lod GL_ARB_texture_rectangle GL_ARB_texture_rg GL_ARB_texture_rgb10_a2ui GL_ARB_texture_stencil8 GL_ARB_texture_storage GL_ARB_texture_storage_multisample GL_ARB_texture_swizzle GL_ARB_texture_view GL_ARB_timer_query GL_ARB_transform_feedback2 GL_ARB_transform_feedback3 GL_ARB_transform_feedback_instanced GL_ARB_transform_feedback_overflow_query GL_ARB_uniform_buffer_object GL_ARB_vertex_array_bgra GL_ARB_vertex_array_object GL_ARB_vertex_attrib_64bit GL_ARB_vertex_attrib_binding GL_ARB_vertex_buffer_object GL_ARB_vertex_shader GL_ARB_vertex_type_10f_11f_11f_rev GL_ARB_vertex_type_2_10_10_10_rev GL_ARB_viewport_a
rray GL_ATI_blend_equation_separate GL_ATI_meminfo GL_ATI_texture_float GL_ATI_texture_mirror_once GL_EXT_EGL_image_storage GL_EXT_EGL_sync GL_EXT_abgr GL_EXT_blend_equation_separate GL_EXT_demote_to_helper_invocation GL_EXT_depth_bounds_test GL_EXT_draw_buffers2 GL_EXT_draw_instanced GL_EXT_framebuffer_blit GL_EXT_framebuffer_multisample GL_EXT_framebuffer_multisample_blit_scaled GL_EXT_framebuffer_object GL_EXT_framebuffer_sRGB GL_EXT_memory_object GL_EXT_memory_object_fd GL_EXT_packed_depth_stencil GL_EXT_packed_float GL_EXT_pixel_buffer_object GL_EXT_polygon_offset_clamp GL_EXT_provoking_vertex GL_EXT_semaphore GL_EXT_semaphore_fd GL_EXT_shader_image_load_formatted GL_EXT_shader_image_load_store GL_EXT_shader_integer_mix GL_EXT_shader_samples_identical GL_EXT_texture_array GL_EXT_texture_compression_dxt1 GL_EXT_texture_compression_rgtc GL_EXT_texture_compression_s3tc GL_EXT_texture_filter_anisotropic GL_EXT_texture_integer GL_EXT_texture_mirror_clamp GL_EXT_texture_sRGB GL_EXT_texture_sRGB_R8 GL_EXT_text
ure_sRGB_decode GL_EXT_texture_shadow_lod GL_EXT_texture_shared_exponent GL_EXT_texture_snorm GL_EXT_texture_swizzle GL_EXT_timer_query GL_EXT_transform_feedback GL_EXT_vertex_array_bgra GL_EXT_vertex_attrib_64bit GL_EXT_window_rectangles GL_IBM_multimode_draw_arrays GL_INTEL_blackhole_render GL_KHR_blend_equation_advanced GL_KHR_context_flush_control GL_KHR_debug GL_KHR_no_error GL_KHR_parallel_shader_compile GL_KHR_robust_buffer_access_behavior GL_KHR_robustness GL_KHR_texture_compression_astc_ldr GL_KHR_texture_compression_astc_sliced_3d GL_MESA_framebuffer_flip_y GL_MESA_pack_invert GL_MESA_shader_integer_functions GL_MESA_texture_signed_rgba GL_NVX_gpu_memory_info GL_NV_alpha_to_coverage_dither_control GL_NV_compute_shader_derivatives GL_NV_conditional_render GL_NV_copy_image GL_NV_depth_clamp GL_NV_packed_depth_stencil GL_NV_shader_atomic_int64 GL_NV_texture_barrier GL_NV_vdpau_interop GL_OES_EGL_image GL_S3_s3tc
OPENGL LOG: Creating OpenGL 4.6 graphics device ; Context level  <OpenGL 4.5> ; Context handle 21615056
Begin MonoManager ReloadAssembly
- Completed reload, in  0.474 seconds
Default vsync count 0
requesting resize 1440 x 900
Using native desktop resolution 1440 x 900
requesting fullscreen 1440 x 900 at 0 Hz
Desktop is 1440 x 900 @ 75 Hz
UnloadTime: 0.783470 ms
Creating new save file 
(Filename: ./Runtime/Export/Debug/Debug.bindings.h Line: 35)

DontDestroyOnLoad only works for root GameObjects or components on root GameObjects. 
(Filename:  Line: 606)

DontDestroyOnLoad only works for root GameObjects or components on root GameObjects. 
(Filename:  Line: 606)

[S_API] SteamAPI_Init(): Loaded '/home/hansel/.local/share/Steam/linux64/steamclient.so' OK.
Setting breakpad minidump AppID = 1625450
SteamInternal_SetMinidumpSteamID:  Caching Steam ID:  76561199209933993 [API loaded no]
Steam initialized: malefic 
(Filename: ./Runtime/Export/Debug/Debug.bindings.h Line: 35)

Desktop is 1440 x 900 @ 75 Hz
updates sens to: 1 
(Filename: ./Runtime/Export/Debug/Debug.bindings.h Line: 35)

Setting grass to: True 
(Filename: ./Runtime/Export/Debug/Debug.bindings.h Line: 35)

Setting tutorial to: True 
(Filename: ./Runtime/Export/Debug/Debug.bindings.h Line: 35)

updating shadow quality 
(Filename: ./Runtime/Export/Debug/Debug.bindings.h Line: 35)

updating shadow res 
(Filename: ./Runtime/Export/Debug/Debug.bindings.h Line: 35)

updating shadow cascades 
(Filename: ./Runtime/Export/Debug/Debug.bindings.h Line: 35)

updating shadow distance 
(Filename: ./Runtime/Export/Debug/Debug.bindings.h Line: 35)

updating texture quality 
(Filename: ./Runtime/Export/Debug/Debug.bindings.h Line: 35)

updating AA 
(Filename: ./Runtime/Export/Debug/Debug.bindings.h Line: 35)

updating soft particles 
(Filename: ./Runtime/Export/Debug/Debug.bindings.h Line: 35)

updating bloom 
(Filename: ./Runtime/Export/Debug/Debug.bindings.h Line: 35)

updating motion blur 
(Filename: ./Runtime/Export/Debug/Debug.bindings.h Line: 35)

updating AO 
(Filename: ./Runtime/Export/Debug/Debug.bindings.h Line: 35)

finding custom res 
(Filename: ./Runtime/Export/Debug/Debug.bindings.h Line: 35)

Updated screen resoltion 
(Filename: ./Runtime/Export/Debug/Debug.bindings.h Line: 35)

updated fullscreen 
(Filename: ./Runtime/Export/Debug/Debug.bindings.h Line: 35)

updated vsync 
(Filename: ./Runtime/Export/Debug/Debug.bindings.h Line: 35)

updated fullscreenmode 
(Filename: ./Runtime/Export/Debug/Debug.bindings.h Line: 35)

updated fps limit 
(Filename: ./Runtime/Export/Debug/Debug.bindings.h Line: 35)

updated volume 
(Filename: ./Runtime/Export/Debug/Debug.bindings.h Line: 35)

updated music 
(Filename: ./Runtime/Export/Debug/Debug.bindings.h Line: 35)

Initializing packets. 
(Filename: ./Runtime/Export/Debug/Debug.bindings.h Line: 35)

Muck started: 1 
(Filename: ./Runtime/Export/Debug/Debug.bindings.h Line: 35)

requesting resize 1440 x 900
Using native desktop resolution 1440 x 900
requesting fullscreen 1440 x 900 at 75 Hz
Desktop is 1440 x 900 @ 75 Hz
Big Mistake WAS UNLOCKED! 
(Filename: ./Runtime/Export/Debug/Debug.bindings.h Line: 35)

key: W 
(Filename: ./Runtime/Export/Debug/Debug.bindings.h Line: 35)

key: S 
(Filename: ./Runtime/Export/Debug/Debug.bindings.h Line: 35)

key: A 
(Filename: ./Runtime/Export/Debug/Debug.bindings.h Line: 35)

key: D 
(Filename: ./Runtime/Export/Debug/Debug.bindings.h Line: 35)

key: Space 
(Filename: ./Runtime/Export/Debug/Debug.bindings.h Line: 35)

key: LeftShift 
(Filename: ./Runtime/Export/Debug/Debug.bindings.h Line: 35)

key: E 
(Filename: ./Runtime/Export/Debug/Debug.bindings.h Line: 35)

key: Tab 
(Filename: ./Runtime/Export/Debug/Debug.bindings.h Line: 35)

key: M 
(Filename: ./Runtime/Export/Debug/Debug.bindings.h Line: 35)

key: Mouse0 
(Filename: ./Runtime/Export/Debug/Debug.bindings.h Line: 35)

key: Mouse1 
(Filename: ./Runtime/Export/Debug/Debug.bindings.h Line: 35)

found current res 
(Filename: ./Runtime/Export/Debug/Debug.bindings.h Line: 35)

lobbyu created opkay 
(Filename: ./Runtime/Export/Debug/Debug.bindings.h Line: 35)

on version: 1.3 
(Filename: ./Runtime/Export/Debug/Debug.bindings.h Line: 35)

initing lobby 
(Filename: ./Runtime/Export/Debug/Debug.bindings.h Line: 35)

Found available id in steam as: 0, steam name: malefic 
(Filename: ./Runtime/Export/Debug/Debug.bindings.h Line: 35)

finished adding player 
(Filename: ./Runtime/Export/Debug/Debug.bindings.h Line: 35)

spawning lobby player: malefic 
(Filename: ./Runtime/Export/Debug/Debug.bindings.h Line: 35)

starting lobby 
(Filename: ./Runtime/Export/Debug/Debug.bindings.h Line: 35)

Client 
(Filename: ./Runtime/Export/Debug/Debug.bindings.h Line: 35)

Player 
(Filename: ./Runtime/Export/Debug/Debug.bindings.h Line: 35)

sending start game 
(Filename: ./Runtime/Export/Debug/Debug.bindings.h Line: 35)

Sending start game packet 
(Filename: ./Runtime/Export/Debug/Debug.bindings.h Line: 35)

Game settings successfully loaded 
(Filename: ./Runtime/Export/Debug/Debug.bindings.h Line: 35)

loading game scene, assigned id: 0 
(Filename: ./Runtime/Export/Debug/Debug.bindings.h Line: 35)

Client 
(Filename: ./Runtime/Export/Debug/Debug.bindings.h Line: 35)

Null 
(Filename: ./Runtime/Export/Debug/Debug.bindings.h Line: 35)

Client 
(Filename: ./Runtime/Export/Debug/Debug.bindings.h Line: 35)

Null 
(Filename: ./Runtime/Export/Debug/Debug.bindings.h Line: 35)

Client 
(Filename: ./Runtime/Export/Debug/Debug.bindings.h Line: 35)

Null 
(Filename: ./Runtime/Export/Debug/Debug.bindings.h Line: 35)

Client 
(Filename: ./Runtime/Export/Debug/Debug.bindings.h Line: 35)

Null 
(Filename: ./Runtime/Export/Debug/Debug.bindings.h Line: 35)

Client 
(Filename: ./Runtime/Export/Debug/Debug.bindings.h Line: 35)

Null 
(Filename: ./Runtime/Export/Debug/Debug.bindings.h Line: 35)

Client 
(Filename: ./Runtime/Export/Debug/Debug.bindings.h Line: 35)

Null 
(Filename: ./Runtime/Export/Debug/Debug.bindings.h Line: 35)

Client 
(Filename: ./Runtime/Export/Debug/Debug.bindings.h Line: 35)

Null 
(Filename: ./Runtime/Export/Debug/Debug.bindings.h Line: 35)

Client 
(Filename: ./Runtime/Export/Debug/Debug.bindings.h Line: 35)

Null 
(Filename: ./Runtime/Export/Debug/Debug.bindings.h Line: 35)

Client 
(Filename: ./Runtime/Export/Debug/Debug.bindings.h Line: 35)

Null 
(Filename: ./Runtime/Export/Debug/Debug.bindings.h Line: 35)

Starting game done 
(Filename: ./Runtime/Export/Debug/Debug.bindings.h Line: 35)

Unloading 6 Unused Serialized files (Serialized files now loaded: 0)
UnloadTime: 12.122057 ms
grassindex: 5.577352 
(Filename: ./Runtime/Export/Debug/Debug.bindings.h Line: 35)


Unloading 84 unused Assets to reduce memory usage. Loaded Objects now: 11987.
Total: 57.975305 ms (FindLiveObjects: 0.570873 ms CreateObjectMapping: 0.287575 ms MarkObjects: 56.237493 ms  DeleteObjects: 0.878683 ms)

Setting up 2 worker threads for Enlighten.
  Thread -> id: 7f9dba45d640 -> priority: 1 
  Thread -> id: 7f9db9c5c640 -> priority: 1 
Parent of RectTransform is being set with parent property. Consider using the SetParent method instead, with the worldPositionStays argument set to false. This will retain local orientation and scale rather than world orientation and scale, which can prevent common UI scaling issues. 
(Filename: ./Runtime/Export/Debug/Debug.bindings.h Line: 35)

spawned 1 / 1 
(Filename: ./Runtime/Export/Debug/Debug.bindings.h Line: 35)

spawned 2 / 2 
(Filename: ./Runtime/Export/Debug/Debug.bindings.h Line: 35)

spawned 2 / 2 
(Filename: ./Runtime/Export/Debug/Debug.bindings.h Line: 35)

spawned 5 / 5 
(Filename: ./Runtime/Export/Debug/Debug.bindings.h Line: 35)

spawned 4 / 4 
(Filename: ./Runtime/Export/Debug/Debug.bindings.h Line: 35)

spawned 3 / 3 
(Filename: ./Runtime/Export/Debug/Debug.bindings.h Line: 35)

spawned 3 / 3 
(Filename: ./Runtime/Export/Debug/Debug.bindings.h Line: 35)

spawned 0 / 1 
(Filename: ./Runtime/Export/Debug/Debug.bindings.h Line: 35)

spawned 2 / 3 
(Filename: ./Runtime/Export/Debug/Debug.bindings.h Line: 35)

spawned 2 / 3 
(Filename: ./Runtime/Export/Debug/Debug.bindings.h Line: 35)

spawned 4 / 5 
(Filename: ./Runtime/Export/Debug/Debug.bindings.h Line: 35)

spawned 3 / 3 
(Filename: ./Runtime/Export/Debug/Debug.bindings.h Line: 35)

spawned 2 / 3 
(Filename: ./Runtime/Export/Debug/Debug.bindings.h Line: 35)

spawned 2 / 2 
(Filename: ./Runtime/Export/Debug/Debug.bindings.h Line: 35)

spawned 1 / 1 
(Filename: ./Runtime/Export/Debug/Debug.bindings.h Line: 35)

spawned 0 / 2 
(Filename: ./Runtime/Export/Debug/Debug.bindings.h Line: 35)

spawned 3 / 3 
(Filename: ./Runtime/Export/Debug/Debug.bindings.h Line: 35)

spawned 4 / 6 
(Filename: ./Runtime/Export/Debug/Debug.bindings.h Line: 35)

spawned 2 / 7 
(Filename: ./Runtime/Export/Debug/Debug.bindings.h Line: 35)

spawned 1 / 2 
(Filename: ./Runtime/Export/Debug/Debug.bindings.h Line: 35)

spawned 2 / 3 
(Filename: ./Runtime/Export/Debug/Debug.bindings.h Line: 35)

spawned: 67 
(Filename: ./Runtime/Export/Debug/Debug.bindings.h Line: 35)

spawned: 6 
(Filename: ./Runtime/Export/Debug/Debug.bindings.h Line: 35)

spawned: 6 
(Filename: ./Runtime/Export/Debug/Debug.bindings.h Line: 35)

Player finished loading: 0 
(Filename: ./Runtime/Export/Debug/Debug.bindings.h Line: 35)

ready players: 1 / 1 
(Filename: ./Runtime/Export/Debug/Debug.bindings.h Line: 35)

System.NullReferenceException: Object reference not set to an instance of an object
  at ServerHandle.PlayerHitObject (System.Int32 fromClient, Packet packet) [0x00066] in <67f488ac102f478da1b726e8e3339fbe>:0 
  at SteamPacketManager.HandlePacket (System.Nullable`1[T] p2Packet, System.Int32 channel) [0x000ed] in <67f488ac102f478da1b726e8e3339fbe>:0 
  at SteamPacketManager.SendPacket (Steamworks.SteamId steamId, Packet p, Steamworks.P2PSend p2pSend, SteamPacketManager+NetworkChannel channel) [0x0006a] in <67f488ac102f478da1b726e8e3339fbe>:0 
  at ClientSend.SendTCPData (Packet packet) [0x00055] in <67f488ac102f478da1b726e8e3339fbe>:0 
  at ClientSend.PlayerHitObject (System.Int32 damage, System.Int32 objectID, System.Int32 hitEffect, UnityEngine.Vector3 pos, System.Int32 weaponHitType) [0x0002c] in <67f488ac102f478da1b726e8e3339fbe>:0  
(Filename: ./Runtime/Export/Debug/Debug.bindings.h Line: 35)

System.Collections.Generic.KeyNotFoundException: The given key was not present in the dictionary.
  at System.Collections.Generic.Dictionary`2[TKey,TValue].get_Item (TKey key) [0x0001e] in <2b3a3162be434770b7a4fac8b896e90c>:0 
  at Hitable.Damage (System.Int32 newHp, System.Int32 fromClient, System.Int32 hitEffect, UnityEngine.Vector3 pos) [0x00014] in <67f488ac102f478da1b726e8e3339fbe>:0 
  at ServerHandle.PlayerHitObject (System.Int32 fromClient, Packet packet) [0x0007c] in <67f488ac102f478da1b726e8e3339fbe>:0 
  at SteamPacketManager.HandlePacket (System.Nullable`1[T] p2Packet, System.Int32 channel) [0x000ed] in <67f488ac102f478da1b726e8e3339fbe>:0 
  at SteamPacketManager.SendPacket (Steamworks.SteamId steamId, Packet p, Steamworks.P2PSend p2pSend, SteamPacketManager+NetworkChannel channel) [0x0006a] in <67f488ac102f478da1b726e8e3339fbe>:0 
  at ClientSend.SendTCPData (Packet packet) [0x00055] in <67f488ac102f478da1b726e8e3339fbe>:0 
  at ClientSend.PlayerHitObject (System.Int32 damage, System.Int32 objectID, System.Int32 hitEffect, UnityEngine.Vector3 pos, System.Int32 weaponHitType) [0x0002c] in <67f488ac102f478da1b726e8e3339fbe>:0  
(Filename: ./Runtime/Export/Debug/Debug.bindings.h Line: 35)

System.Collections.Generic.KeyNotFoundException: The given key was not present in the dictionary.
  at System.Collections.Generic.Dictionary`2[TKey,TValue].get_Item (TKey key) [0x0001e] in <2b3a3162be434770b7a4fac8b896e90c>:0 
  at Hitable.Damage (System.Int32 newHp, System.Int32 fromClient, System.Int32 hitEffect, UnityEngine.Vector3 pos) [0x00014] in <67f488ac102f478da1b726e8e3339fbe>:0 
  at ServerHandle.PlayerHitObject (System.Int32 fromClient, Packet packet) [0x0007c] in <67f488ac102f478da1b726e8e3339fbe>:0 
  at SteamPacketManager.HandlePacket (System.Nullable`1[T] p2Packet, System.Int32 channel) [0x000ed] in <67f488ac102f478da1b726e8e3339fbe>:0 
  at SteamPacketManager.SendPacket (Steamworks.SteamId steamId, Packet p, Steamworks.P2PSend p2pSend, SteamPacketManager+NetworkChannel channel) [0x0006a] in <67f488ac102f478da1b726e8e3339fbe>:0 
  at ClientSend.SendTCPData (Packet packet) [0x00055] in <67f488ac102f478da1b726e8e3339fbe>:0 
  at ClientSend.PlayerHitObject (System.Int32 damage, System.Int32 objectID, System.Int32 hitEffect, UnityEngine.Vector3 pos, System.Int32 weaponHitType) [0x0002c] in <67f488ac102f478da1b726e8e3339fbe>:0  
(Filename: ./Runtime/Export/Debug/Debug.bindings.h Line: 35)

spawning player, id: 0, sending to 0 
(Filename: ./Runtime/Export/Debug/Debug.bindings.h Line: 35)

Spawning player 
(Filename: ./Runtime/Export/Debug/Debug.bindings.h Line: 35)

GamesStarted: 1 
(Filename: ./Runtime/Export/Debug/Debug.bindings.h Line: 35)

Normal: 1 
(Filename: ./Runtime/Export/Debug/Debug.bindings.h Line: 35)

players alive:  1 
(Filename: ./Runtime/Export/Debug/Debug.bindings.h Line: 35)

Max sruvived days: 0 
(Filename: ./Runtime/Export/Debug/Debug.bindings.h Line: 35)

setting grass mesh 
(Filename: ./Runtime/Export/Debug/Debug.bindings.h Line: 35)

dequeing 
(Filename: ./Runtime/Export/Debug/Debug.bindings.h Line: 35)

spawning food from id: 136 
(Filename: ./Runtime/Export/Debug/Debug.bindings.h Line: 35)

dequeing 
(Filename: ./Runtime/Export/Debug/Debug.bindings.h Line: 35)

spawning food from id: 136 
(Filename: ./Runtime/Export/Debug/Debug.bindings.h Line: 35)

dequeing 
(Filename: ./Runtime/Export/Debug/Debug.bindings.h Line: 35)

spawning food from id: 136 
(Filename: ./Runtime/Export/Debug/Debug.bindings.h Line: 35)

dequeing 
(Filename: ./Runtime/Export/Debug/Debug.bindings.h Line: 35)

spawning food from id: 136 
(Filename: ./Runtime/Export/Debug/Debug.bindings.h Line: 35)

nope 
(Filename: ./Runtime/Export/Debug/Debug.bindings.h Line: 35)

sent update 
(Filename: ./Runtime/Export/Debug/Debug.bindings.h Line: 35)

dequeing 
(Filename: ./Runtime/Export/Debug/Debug.bindings.h Line: 35)

spawning food from id: 39 
(Filename: ./Runtime/Export/Debug/Debug.bindings.h Line: 35)

dequeing 
(Filename: ./Runtime/Export/Debug/Debug.bindings.h Line: 35)

spawning food from id: 39 
(Filename: ./Runtime/Export/Debug/Debug.bindings.h Line: 35)

dequeing 
(Filename: ./Runtime/Export/Debug/Debug.bindings.h Line: 35)

spawning food from id: 39 
(Filename: ./Runtime/Export/Debug/Debug.bindings.h Line: 35)

dequeing 
(Filename: ./Runtime/Export/Debug/Debug.bindings.h Line: 35)

spawning food from id: 39 
(Filename: ./Runtime/Export/Debug/Debug.bindings.h Line: 35)

setting grass mesh 
(Filename: ./Runtime/Export/Debug/Debug.bindings.h Line: 35)

dequeing 
(Filename: ./Runtime/Export/Debug/Debug.bindings.h Line: 35)

spawning mob from id: 16 
(Filename: ./Runtime/Export/Debug/Debug.bindings.h Line: 35)

queue: 3 
(Filename: ./Runtime/Export/Debug/Debug.bindings.h Line: 35)

dequeing 
(Filename: ./Runtime/Export/Debug/Debug.bindings.h Line: 35)

spawning mob from id: 16 
(Filename: ./Runtime/Export/Debug/Debug.bindings.h Line: 35)

queue: 2 
(Filename: ./Runtime/Export/Debug/Debug.bindings.h Line: 35)

dequeing 
(Filename: ./Runtime/Export/Debug/Debug.bindings.h Line: 35)

spawning mob from id: 16 
(Filename: ./Runtime/Export/Debug/Debug.bindings.h Line: 35)

queue: 1 
(Filename: ./Runtime/Export/Debug/Debug.bindings.h Line: 35)

Move dist: 25, added this one: 25 
(Filename: ./Runtime/Export/Debug/Debug.bindings.h Line: 35)

swim dist: 0, added this one: 0 
(Filename: ./Runtime/Export/Debug/Debug.bindings.h Line: 35)

Move dist: 40, added this one: 15 
(Filename: ./Runtime/Export/Debug/Debug.bindings.h Line: 35)

swim dist: 0, added this one: 0 
(Filename: ./Runtime/Export/Debug/Debug.bindings.h Line: 35)

Move dist: 71, added this one: 31 
(Filename: ./Runtime/Export/Debug/Debug.bindings.h Line: 35)

swim dist: 0, added this one: 0 
(Filename: ./Runtime/Export/Debug/Debug.bindings.h Line: 35)

setting grass mesh 
(Filename: ./Runtime/Export/Debug/Debug.bindings.h Line: 35)

dequeing 
(Filename: ./Runtime/Export/Debug/Debug.bindings.h Line: 35)

spawning mob from id: 29 
(Filename: ./Runtime/Export/Debug/Debug.bindings.h Line: 35)

queue: 3 
(Filename: ./Runtime/Export/Debug/Debug.bindings.h Line: 35)

dequeing 
(Filename: ./Runtime/Export/Debug/Debug.bindings.h Line: 35)

spawning mob from id: 29 
(Filename: ./Runtime/Export/Debug/Debug.bindings.h Line: 35)

queue: 2 
(Filename: ./Runtime/Export/Debug/Debug.bindings.h Line: 35)

dequeing 
(Filename: ./Runtime/Export/Debug/Debug.bindings.h Line: 35)

spawning mob from id: 29 
(Filename: ./Runtime/Export/Debug/Debug.bindings.h Line: 35)

queue: 1 
(Filename: ./Runtime/Export/Debug/Debug.bindings.h Line: 35)

added to available cell 
(Filename: ./Runtime/Export/Debug/Debug.bindings.h Line: 35)

checking 
(Filename: ./Runtime/Export/Debug/Debug.bindings.h Line: 35)

Unlocking hard 
(Filename: ./Runtime/Export/Debug/Debug.bindings.h Line: 35)

sending pickup interact now from: 0 
(Filename: ./Runtime/Export/Debug/Debug.bindings.h Line: 35)

Move dist: 112, added this one: 41 
(Filename: ./Runtime/Export/Debug/Debug.bindings.h Line: 35)

swim dist: 0, added this one: 0 
(Filename: ./Runtime/Export/Debug/Debug.bindings.h Line: 35)

setting grass mesh 
(Filename: ./Runtime/Export/Debug/Debug.bindings.h Line: 35)

berserk multiplier: 0 
(Filename: ./Runtime/Export/Debug/Debug.bindings.h Line: 35)

berserk multiplier: 0 
(Filename: ./Runtime/Export/Debug/Debug.bindings.h Line: 35)

Move dist: 124, added this one: 12 
(Filename: ./Runtime/Export/Debug/Debug.bindings.h Line: 35)

swim dist: 0, added this one: 0 
(Filename: ./Runtime/Export/Debug/Debug.bindings.h Line: 35)

setting grass mesh 
(Filename: ./Runtime/Export/Debug/Debug.bindings.h Line: 35)

setting grass mesh 
(Filename: ./Runtime/Export/Debug/Debug.bindings.h Line: 35)

berserk multiplier: 0 
(Filename: ./Runtime/Export/Debug/Debug.bindings.h Line: 35)

Move dist: 169, added this one: 45 
(Filename: ./Runtime/Export/Debug/Debug.bindings.h Line: 35)

swim dist: 0, added this one: 0 
(Filename: ./Runtime/Export/Debug/Debug.bindings.h Line: 35)

berserk multiplier: 0 
(Filename: ./Runtime/Export/Debug/Debug.bindings.h Line: 35)

changing scale lol 
(Filename: ./Runtime/Export/Debug/Debug.bindings.h Line: 35)

object hit from: 0 
(Filename: ./Runtime/Export/Debug/Debug.bindings.h Line: 35)

berserk multiplier: 0 
(Filename: ./Runtime/Export/Debug/Debug.bindings.h Line: 35)

changing scale lol 
(Filename: ./Runtime/Export/Debug/Debug.bindings.h Line: 35)

object hit from: 0 
(Filename: ./Runtime/Export/Debug/Debug.bindings.h Line: 35)

berserk multiplier: 0 
(Filename: ./Runtime/Export/Debug/Debug.bindings.h Line: 35)

changing scale lol 
(Filename: ./Runtime/Export/Debug/Debug.bindings.h Line: 35)

object hit from: 0 
(Filename: ./Runtime/Export/Debug/Debug.bindings.h Line: 35)

Move dist: 200, added this one: 31 
(Filename: ./Runtime/Export/Debug/Debug.bindings.h Line: 35)

swim dist: 0, added this one: 0 
(Filename: ./Runtime/Export/Debug/Debug.bindings.h Line: 35)

berserk multiplier: 0 
(Filename: ./Runtime/Export/Debug/Debug.bindings.h Line: 35)

changing scale lol 
(Filename: ./Runtime/Export/Debug/Debug.bindings.h Line: 35)

object hit from: 0 
(Filename: ./Runtime/Export/Debug/Debug.bindings.h Line: 35)

berserk multiplier: 0 
(Filename: ./Runtime/Export/Debug/Debug.bindings.h Line: 35)

changing scale lol 
(Filename: ./Runtime/Export/Debug/Debug.bindings.h Line: 35)

object hit from: 0 
(Filename: ./Runtime/Export/Debug/Debug.bindings.h Line: 35)

berserk multiplier: 0 
(Filename: ./Runtime/Export/Debug/Debug.bindings.h Line: 35)

changing scale lol 
(Filename: ./Runtime/Export/Debug/Debug.bindings.h Line: 35)

object hit from: 0 
(Filename: ./Runtime/Export/Debug/Debug.bindings.h Line: 35)

Move dist: 224, added this one: 24 
(Filename: ./Runtime/Export/Debug/Debug.bindings.h Line: 35)

swim dist: 0, added this one: 0 
(Filename: ./Runtime/Export/Debug/Debug.bindings.h Line: 35)

berserk multiplier: 0 
(Filename: ./Runtime/Export/Debug/Debug.bindings.h Line: 35)

changing scale lol 
(Filename: ./Runtime/Export/Debug/Debug.bindings.h Line: 35)

object hit from: 0 
(Filename: ./Runtime/Export/Debug/Debug.bindings.h Line: 35)

berserk multiplier: 0 
(Filename: ./Runtime/Export/Debug/Debug.bindings.h Line: 35)

changing scale lol 
(Filename: ./Runtime/Export/Debug/Debug.bindings.h Line: 35)

object hit from: 0 
(Filename: ./Runtime/Export/Debug/Debug.bindings.h Line: 35)

dropping item 
(Filename: ./Runtime/Export/Debug/Debug.bindings.h Line: 35)

object: 0 picked up by player: 0 
(Filename: ./Runtime/Export/Debug/Debug.bindings.h Line: 35)

added to available cell 
(Filename: ./Runtime/Export/Debug/Debug.bindings.h Line: 35)

checking 
(Filename: ./Runtime/Export/Debug/Debug.bindings.h Line: 35)

Unlocking hard 
(Filename: ./Runtime/Export/Debug/Debug.bindings.h Line: 35)

sending pickup now from: 0 
(Filename: ./Runtime/Export/Debug/Debug.bindings.h Line: 35)

setting grass mesh 
(Filename: ./Runtime/Export/Debug/Debug.bindings.h Line: 35)

Move dist: 243, added this one: 19 
(Filename: ./Runtime/Export/Debug/Debug.bindings.h Line: 35)

swim dist: 0, added this one: 0 
(Filename: ./Runtime/Export/Debug/Debug.bindings.h Line: 35)

berserk multiplier: 0 
(Filename: ./Runtime/Export/Debug/Debug.bindings.h Line: 35)

berserk multiplier: 0 
(Filename: ./Runtime/Export/Debug/Debug.bindings.h Line: 35)

overlay set to: 0.6 
(Filename: ./Runtime/Export/Debug/Debug.bindings.h Line: 35)

overlay set to: 0.6 
(Filename: ./Runtime/Export/Debug/Debug.bindings.h Line: 35)

overlay set to: 0.6 
(Filename: ./Runtime/Export/Debug/Debug.bindings.h Line: 35)

overlay set to: 0.6 
(Filename: ./Runtime/Export/Debug/Debug.bindings.h Line: 35)

Move dist: 243, added this one: 0 
(Filename: ./Runtime/Export/Debug/Debug.bindings.h Line: 35)

swim dist: 0, added this one: 0 
(Filename: ./Runtime/Export/Debug/Debug.bindings.h Line: 35)

overlay set to: 0.6 
(Filename: ./Runtime/Export/Debug/Debug.bindings.h Line: 35)

setting grass mesh 
(Filename: ./Runtime/Export/Debug/Debug.bindings.h Line: 35)

berserk multiplier: 0 
(Filename: ./Runtime/Export/Debug/Debug.bindings.h Line: 35)

berserk multiplier: 0 
(Filename: ./Runtime/Export/Debug/Debug.bindings.h Line: 35)

berserk multiplier: 0 
(Filename: ./Runtime/Export/Debug/Debug.bindings.h Line: 35)

overlay set to: 0.6 
(Filename: ./Runtime/Export/Debug/Debug.bindings.h Line: 35)

Move dist: 260, added this one: 17 
(Filename: ./Runtime/Export/Debug/Debug.bindings.h Line: 35)

swim dist: 0, added this one: 0 
(Filename: ./Runtime/Export/Debug/Debug.bindings.h Line: 35)

overlay set to: 0.6 
(Filename: ./Runtime/Export/Debug/Debug.bindings.h Line: 35)

overlay set to: 0.6 
(Filename: ./Runtime/Export/Debug/Debug.bindings.h Line: 35)

Move dist: 260, added this one: 0 
(Filename: ./Runtime/Export/Debug/Debug.bindings.h Line: 35)

swim dist: 0, added this one: 0 
(Filename: ./Runtime/Export/Debug/Debug.bindings.h Line: 35)

overlay set to: 0.6 
(Filename: ./Runtime/Export/Debug/Debug.bindings.h Line: 35)

overlay set to: 0.6 
(Filename: ./Runtime/Export/Debug/Debug.bindings.h Line: 35)

Move dist: 260, added this one: 0 
(Filename: ./Runtime/Export/Debug/Debug.bindings.h Line: 35)

swim dist: 0, added this one: 0 
(Filename: ./Runtime/Export/Debug/Debug.bindings.h Line: 35)

slot: 3, itemid: -1 
(Filename: ./Runtime/Export/Debug/Debug.bindings.h Line: 35)

armor slot: 3, item id: -1 
(Filename: ./Runtime/Export/Debug/Debug.bindings.h Line: 35)

sending drop item requesty 
(Filename: ./Runtime/Export/Debug/Debug.bindings.h Line: 35)

overlay set to: 0.6 
(Filename: ./Runtime/Export/Debug/Debug.bindings.h Line: 35)

object: 1 picked up by player: 0 
(Filename: ./Runtime/Export/Debug/Debug.bindings.h Line: 35)

added to available cell 
(Filename: ./Runtime/Export/Debug/Debug.bindings.h Line: 35)

checking 
(Filename: ./Runtime/Export/Debug/Debug.bindings.h Line: 35)

sending pickup now from: 0 
(Filename: ./Runtime/Export/Debug/Debug.bindings.h Line: 35)

berserk multiplier: 0 
(Filename: ./Runtime/Export/Debug/Debug.bindings.h Line: 35)

berserk multiplier: 0 
(Filename: ./Runtime/Export/Debug/Debug.bindings.h Line: 35)

berserk multiplier: 0 
(Filename: ./Runtime/Export/Debug/Debug.bindings.h Line: 35)

overlay set to: 0.6 
(Filename: ./Runtime/Export/Debug/Debug.bindings.h Line: 35)

Move dist: 272, added this one: 12 
(Filename: ./Runtime/Export/Debug/Debug.bindings.h Line: 35)

swim dist: 0, added this one: 0 
(Filename: ./Runtime/Export/Debug/Debug.bindings.h Line: 35)

overlay set to: 0.6 
(Filename: ./Runtime/Export/Debug/Debug.bindings.h Line: 35)

overlay set to: 0.6 
(Filename: ./Runtime/Export/Debug/Debug.bindings.h Line: 35)

overlay set to: 0.6 
(Filename: ./Runtime/Export/Debug/Debug.bindings.h Line: 35)

Move dist: 273, added this one: 1 
(Filename: ./Runtime/Export/Debug/Debug.bindings.h Line: 35)

swim dist: 0, added this one: 0 
(Filename: ./Runtime/Export/Debug/Debug.bindings.h Line: 35)

berserk multiplier: 0 
(Filename: ./Runtime/Export/Debug/Debug.bindings.h Line: 35)

Move dist: 296, added this one: 23 
(Filename: ./Runtime/Export/Debug/Debug.bindings.h Line: 35)

swim dist: 0, added this one: 0 
(Filename: ./Runtime/Export/Debug/Debug.bindings.h Line: 35)

berserk multiplier: 0 
(Filename: ./Runtime/Export/Debug/Debug.bindings.h Line: 35)

berserk multiplier: 0 
(Filename: ./Runtime/Export/Debug/Debug.bindings.h Line: 35)

Move dist: 297, added this one: 1 
(Filename: ./Runtime/Export/Debug/Debug.bindings.h Line: 35)

swim dist: 0, added this one: 0 
(Filename: ./Runtime/Export/Debug/Debug.bindings.h Line: 35)

berserk multiplier: 0 
(Filename: ./Runtime/Export/Debug/Debug.bindings.h Line: 35)

berserk multiplier: 0 
(Filename: ./Runtime/Export/Debug/Debug.bindings.h Line: 35)

overlay set to: 0.6 
(Filename: ./Runtime/Export/Debug/Debug.bindings.h Line: 35)

Host left game 
(Filename: ./Runtime/Export/Debug/Debug.bindings.h Line: 35)

Steam lobby doesn't exist... 
(Filename: ./Runtime/Export/Debug/Debug.bindings.h Line: 35)

Lobby left successfully 
(Filename: ./Runtime/Export/Debug/Debug.bindings.h Line: 35)

Unloading 3 Unused Serialized files (Serialized files now loaded: 0)
UnloadTime: 68.370460 ms
Instance already exists, destroying object 
(Filename: ./Runtime/Export/Debug/Debug.bindings.h Line: 35)


Unloading 1998 unused Assets to reduce memory usage. Loaded Objects now: 9746.
Total: 60.397152 ms (FindLiveObjects: 0.636130 ms CreateObjectMapping: 0.302997 ms MarkObjects: 55.224272 ms  DeleteObjects: 4.233131 ms)

